Build started 5/30/2019 2:33:15 PM.
     1>Project "D:\Prj\examples\openglpractice\Practice\Lighting\Lighting\Lighting.vcxproj" on node 2 (Build target(s)).
     1>ClCompile:
         C:\Program Files (x86)\Microsoft Visual Studio 12.0\VC\bin\CL.exe /c /I../../../3rdParty/glad/include /I../../../3rdParty/glfw/include /I../../Utilities/Utilities /I../../../3rdParty/glm /ZI /nologo /W3 /WX- /sdl /Od /Oy- /D _MBCS /Gm /EHsc /RTC1 /MDd /GS /fp:precise /Zc:wchar_t /Zc:forScope /Fo"Debug\\" /Fd"Debug\vc120.pdb" /Gd /TP /analyze- /errorReport:prompt Main.cpp
         Main.cpp
     1>d:\prj\examples\openglpractice\practice\lighting\lighting\main.cpp(307): warning C4244: '=' : conversion from 'double' to 'float', possible loss of data
     1>d:\prj\examples\openglpractice\practice\lighting\lighting\main.cpp(308): warning C4244: '=' : conversion from 'double' to 'float', possible loss of data
     1>d:\prj\examples\openglpractice\practice\lighting\lighting\main.cpp(309): warning C4244: '=' : conversion from 'double' to 'float', possible loss of data
     1>d:\prj\examples\openglpractice\practice\lighting\lighting\main.cpp(316): warning C4244: 'argument' : conversion from 'double' to 'float', possible loss of data
     1>d:\prj\examples\openglpractice\practice\lighting\lighting\main.cpp(367): warning C4244: '=' : conversion from 'double' to 'float', possible loss of data
     1>d:\prj\examples\openglpractice\practice\lighting\lighting\main.cpp(368): warning C4244: '=' : conversion from 'double' to 'float', possible loss of data
     1>d:\prj\examples\openglpractice\practice\lighting\lighting\main.cpp(422): warning C4244: 'argument' : conversion from 'float' to 'int', possible loss of data
     1>d:\prj\examples\openglpractice\practice\lighting\lighting\main.cpp(423): warning C4244: 'argument' : conversion from 'float' to 'int', possible loss of data
       Link:
         C:\Program Files (x86)\Microsoft Visual Studio 12.0\VC\bin\link.exe /ERRORREPORT:PROMPT /OUT:"D:\Prj\examples\openglpractice\Practice\Lighting\Debug\Lighting.exe" /INCREMENTAL /NOLOGO ../../../3rdParty/glfw/lib/glfw3.lib kernel32.lib user32.lib gdi32.lib winspool.lib comdlg32.lib advapi32.lib shell32.lib ole32.lib oleaut32.lib uuid.lib odbc32.lib odbccp32.lib /MANIFEST /MANIFESTUAC:"level='asInvoker' uiAccess='false'" /manifest:embed /DEBUG /PDB:"D:\Prj\examples\openglpractice\Practice\Lighting\Debug\Lighting.pdb" /TLBID:1 /DYNAMICBASE /NXCOMPAT /IMPLIB:"D:\Prj\examples\openglpractice\Practice\Lighting\Debug\Lighting.lib" /MACHINE:X86 Debug\Main.obj
         D:\Prj\examples\openglpractice\Practice\Lighting\Debug\Utilities.lib
     1>LINK : warning LNK4098: defaultlib 'MSVCRT' conflicts with use of other libs; use /NODEFAULTLIB:library
         Lighting.vcxproj -> D:\Prj\examples\openglpractice\Practice\Lighting\Debug\Lighting.exe
     1>Done Building Project "D:\Prj\examples\openglpractice\Practice\Lighting\Lighting\Lighting.vcxproj" (Build target(s)).

Build succeeded.

Time Elapsed 00:00:00.87
